starting server on port 5000
 =============================== ++++++++++++++++++++++++ =================================
 ---------------- start status clients number :  13
 ------------------------- end entry : text.length 1
 ----------------------------------------------- checkbot : strategy, pos.unrealisedPnl, users :  globo strategy1 6rMP6FpkQ7X7zZ_J8lEbGfN3 [] {
  account: 1509263,
  symbol: 'XBTUSD',
  currency: 'XBt',
  underlying: 'XBT',
  quoteCurrency: 'USD',
  commission: 0.00075,
  initMarginReq: 0.0415,
  maintMarginReq: 0.035,
  riskLimit: 110000000000,
  leverage: 24.096385542168672,
  crossMargin: true,
  deleveragePercentile: null,
  rebalancedPnl: 0,
  prevRealisedPnl: 0,
  prevUnrealisedPnl: 0,
  prevClosePrice: 33880.82,
  openingTimestamp: '2021-06-25T11:00:00.000Z',
  openingQty: 0,
  openingCost: 0,
  openingComm: 0,
  openOrderBuyQty: 0,
  openOrderBuyCost: 0,
  openOrderBuyPremium: 0,
  openOrderSellQty: 0,
  openOrderSellCost: 0,
  openOrderSellPremium: 0,
  execBuyQty: 0,
  execBuyCost: 0,
  execSellQty: 0,
  execSellCost: 0,
  execQty: 0,
  execCost: 0,
  execComm: 0,
  currentTimestamp: '2021-06-25T11:00:00.014Z',
  currentQty: 0,
  currentCost: 0,
  currentComm: 0,
  realisedCost: 0,
  unrealisedCost: 0,
  grossOpenCost: 0,
  grossOpenPremium: 0,
  grossExecCost: 0,
  isOpen: false,
  markPrice: null,
  markValue: 0,
  riskValue: 0,
  homeNotional: 0,
  foreignNotional: 0,
  posState: '',
  posCost: 0,
  posCost2: 0,
  posCross: 0,
  posInit: 0,
  posComm: 0,
  posLoss: 0,
  posMargin: 0,
  posMaint: 0,
  posAllowance: 0,
  taxableMargin: 0,
  initMargin: 0,
  maintMargin: 0,
  sessionMargin: 0,
  targetExcessMargin: 0,
  varMargin: 0,
  realisedGrossPnl: 0,
  realisedTax: 0,
  realisedPnl: 0,
  unrealisedGrossPnl: 0,
  longBankrupt: 0,
  shortBankrupt: 0,
  taxBase: 0,
  indicativeTaxRate: null,
  indicativeTax: 0,
  unrealisedTax: 0,
  unrealisedPnl: 0,
  unrealisedPnlPcnt: 0,
  unrealisedRoePcnt: 0,
  simpleQty: null,
  simpleCost: null,
  simpleValue: null,
  simplePnl: null,
  simplePnlPcnt: null,
  avgCostPrice: null,
  avgEntryPrice: null,
  breakEvenPrice: null,
  marginCallPrice: null,
  liquidationPrice: null,
  bankruptPrice: null,
  timestamp: '2021-06-25T11:00:00.014Z',
  lastPrice: null,
  lastValue: 0
}
 ------------------------- end entry : text.length 1
 ----------------- end bitdelall 
 ------------------------- end entry : text.length 1
 ----------------------------------------------- checkbot : strategy, pos.unrealisedPnl, users :  evertongalves strategy3 wz4v3Sxy5_58LwUnTyKvJaP8 [] {
  account: 1232010,
  symbol: 'XBTUSD',
  currency: 'XBt',
  underlying: 'XBT',
  quoteCurrency: 'USD',
  commission: 0.00075,
  initMarginReq: 0.01,
  maintMarginReq: 0.0035,
  riskLimit: 20000000000,
  leverage: 100,
  crossMargin: true,
  deleveragePercentile: 1,
  rebalancedPnl: -27647,
  prevRealisedPnl: 13637,
  prevUnrealisedPnl: 0,
  prevClosePrice: 33755.6,
  openingTimestamp: '2021-06-25T11:00:00.000Z',
  openingQty: 1200,
  openingCost: -3497502,
  openingComm: 2243,
  openOrderBuyQty: 5400,
  openOrderBuyCost: -20943846,
  openOrderBuyPremium: 0,
  openOrderSellQty: 1200,
  openOrderSellCost: -3438396,
  openOrderSellPremium: 0,
  execBuyQty: 0,
  execBuyCost: 0,
  execSellQty: 0,
  execSellCost: 0,
  execQty: 0,
  execCost: 0,
  execComm: 0,
  currentTimestamp: '2021-06-25T11:32:55.396Z',
  currentQty: 1200,
  currentCost: -3497502,
  currentComm: 2243,
  realisedCost: -29376,
  unrealisedCost: -3468126,
  grossOpenCost: 20943846,
  grossOpenPremium: 0,
  grossExecCost: 0,
  isOpen: true,
  markPrice: 33476.16,
  markValue: -3584640,
  riskValue: 24528486,
  homeNotional: 0.0358464,
  foreignNotional: -1200,
  posState: '',
  posCost: -3468126,
  posCost2: -3468126,
  posCross: 116514,
  posInit: 34682,
  posComm: 2715,
  posLoss: 0,
  posMargin: 153911,
  posMaint: 14854,
  posAllowance: 0,
  taxableMargin: 0,
  initMargin: 241012,
  maintMargin: 37397,
  sessionMargin: 0,
  targetExcessMargin: 0,
  varMargin: 0,
  realisedGrossPnl: 29376,
  realisedTax: 0,
  realisedPnl: 27133,
  unrealisedGrossPnl: -116514,
  longBankrupt: 0,
  shortBankrupt: 0,
  taxBase: 0,
  indicativeTaxRate: null,
  indicativeTax: 0,
  unrealisedTax: 0,
  unrealisedPnl: -116514,
  unrealisedPnlPcnt: -0.0336,
  unrealisedRoePcnt: -3.3596,
  simpleQty: null,
  simpleCost: null,
  simpleValue: null,
  simplePnl: null,
  simplePnlPcnt: null,
  avgCostPrice: 34600.8789,
  avgEntryPrice: 34600.8789,
  breakEvenPrice: 34606.5,
  marginCallPrice: 14549,
  liquidationPrice: 14549,
  bankruptPrice: 14527.5,
  timestamp: '2021-06-25T11:32:55.396Z',
  lastPrice: 33476.16,
  lastValue: -3584640
}
 ------------------------- end entry : text.length 1
 ----------------------------------------------- checkbot : strategy, pos.unrealisedPnl, users :  mpmafra strategy3 D3_M5L4S1yvmwvYMJ4erwRLV [] {
  account: 1626400,
  symbol: 'XBTUSD',
  currency: 'XBt',
  underlying: 'XBT',
  quoteCurrency: 'USD',
  commission: 0.00075,
  initMarginReq: 0.01,
  maintMarginReq: 0.0035,
  riskLimit: 20000000000,
  leverage: 100,
  crossMargin: true,
  deleveragePercentile: 1,
  rebalancedPnl: -21994,
  prevRealisedPnl: 2273,
  prevUnrealisedPnl: 0,
  prevClosePrice: 33755.6,
  openingTimestamp: '2021-06-25T11:00:00.000Z',
  openingQty: 200,
  openingCost: -600377,
  openingComm: 448,
  openOrderBuyQty: 900,
  openOrderBuyCost: -3490641,
  openOrderBuyPremium: 0,
  openOrderSellQty: 200,
  openOrderSellCost: -573066,
  openOrderSellPremium: 0,
  execBuyQty: 0,
  execBuyCost: 0,
  execSellQty: 0,
  execSellCost: 0,
  execQty: 0,
  execCost: 0,
  execComm: 0,
  currentTimestamp: '2021-06-25T11:32:55.396Z',
  currentQty: 200,
  currentCost: -600377,
  currentComm: 448,
  realisedCost: -22356,
  unrealisedCost: -578021,
  grossOpenCost: 3490641,
  grossOpenPremium: 0,
  grossExecCost: 0,
  isOpen: true,
  markPrice: 33476.16,
  markValue: -597440,
  riskValue: 4088081,
  homeNotional: 0.0059744,
  foreignNotional: -200,
  posState: '',
  posCost: -578021,
  posCost2: -578021,
  posCross: 19419,
  posInit: 5781,
  posComm: 453,
  posLoss: 0,
  posMargin: 25653,
  posMaint: 2477,
  posAllowance: 0,
  taxableMargin: 0,
  initMargin: 40170,
  maintMargin: 6234,
  sessionMargin: 0,
  targetExcessMargin: 0,
  varMargin: 0,
  realisedGrossPnl: 22356,
  realisedTax: 0,
  realisedPnl: 21908,
  unrealisedGrossPnl: -19419,
  longBankrupt: 0,
  shortBankrupt: 0,
  taxBase: 0,
  indicativeTaxRate: null,
  indicativeTax: 0,
  unrealisedTax: 0,
  unrealisedPnl: -19419,
  unrealisedPnlPcnt: -0.0336,
  unrealisedRoePcnt: -3.3596,
  simpleQty: null,
  simpleCost: null,
  simpleValue: null,
  simplePnl: null,
  simplePnlPcnt: null,
  avgCostPrice: 34600.8789,
  avgEntryPrice: 34600.8789,
  breakEvenPrice: 34606.5,
  marginCallPrice: 12542.5,
  liquidationPrice: 12542.5,
  bankruptPrice: 12526.5,
  timestamp: '2021-06-25T11:32:55.396Z',
  lastPrice: 33476.16,
  lastValue: -597440
}
 ------------------------- end entry : text.length 1
 ----------------------------------------------- checkbot : strategy, pos.unrealisedPnl, users :  EUDESGFA256 strategy3 Lf55ha7A19GlsdhMp7GmVqH6 [] {
  account: 1777237,
  symbol: 'XBTUSD',
  currency: 'XBt',
  underlying: 'XBT',
  quoteCurrency: 'USD',
  commission: 0.00075,
  initMarginReq: 0.01,
  maintMarginReq: 0.0035,
  riskLimit: 20000000000,
  leverage: 100,
  crossMargin: true,
  deleveragePercentile: null,
  rebalancedPnl: -5402,
  prevRealisedPnl: 5402,
  prevUnrealisedPnl: 0,
  prevClosePrice: 33755.6,
  openingTimestamp: '2021-06-25T11:00:00.000Z',
  openingQty: 1500,
  openingCost: -4454160,
  openingComm: 328,
  openOrderBuyQty: 0,
  openOrderBuyCost: 0,
  openOrderBuyPremium: 0,
  openOrderSellQty: 0,
  openOrderSellCost: 0,
  openOrderSellPremium: 0,
  execBuyQty: 0,
  execBuyCost: 0,
  execSellQty: 1500,
  execSellCost: 4445430,
  execQty: -1500,
  execCost: 4445430,
  execComm: 3000,
  currentTimestamp: '2021-06-25T11:01:21.897Z',
  currentQty: 0,
  currentCost: -8730,
  currentComm: 3328,
  realisedCost: -8730,
  unrealisedCost: 0,
  grossOpenCost: 0,
  grossOpenPremium: 0,
  grossExecCost: 0,
  isOpen: false,
  markPrice: null,
  markValue: 0,
  riskValue: 0,
  homeNotional: 0,
  foreignNotional: 0,
  posState: '',
  posCost: 0,
  posCost2: 0,
  posCross: 0,
  posInit: 0,
  posComm: 0,
  posLoss: 0,
  posMargin: 0,
  posMaint: 0,
  posAllowance: 0,
  taxableMargin: 0,
  initMargin: 0,
  maintMargin: 0,
  sessionMargin: 0,
  targetExcessMargin: 0,
  varMargin: 0,
  realisedGrossPnl: 8730,
  realisedTax: 0,
  realisedPnl: 5402,
  unrealisedGrossPnl: 0,
  longBankrupt: 0,
  shortBankrupt: 0,
  taxBase: 0,
  indicativeTaxRate: null,
  indicativeTax: 0,
  unrealisedTax: 0,
  unrealisedPnl: 0,
  unrealisedPnlPcnt: 0,
  unrealisedRoePcnt: 0,
  simpleQty: null,
  simpleCost: null,
  simpleValue: null,
  simplePnl: null,
  simplePnlPcnt: null,
  avgCostPrice: null,
  avgEntryPrice: null,
  breakEvenPrice: null,
  marginCallPrice: null,
  liquidationPrice: null,
  bankruptPrice: null,
  timestamp: '2021-06-25T11:01:21.897Z',
  lastPrice: null,
  lastValue: 0
}
 ------------------------- end entry : text.length 1
 ----------------- end bitdelall 
 ------------------------- end entry : text.length 1
 ----------------------------------------------- checkbot : strategy, pos.unrealisedPnl, users :  cabelifin strategy3 Fpsuq_rBxN6GZO1ROGhtkpqi [] {
  account: 1434342,
  symbol: 'XBTUSD',
  currency: 'XBt',
  underlying: 'XBT',
  quoteCurrency: 'USD',
  commission: 0.00075,
  initMarginReq: 0.01,
  maintMarginReq: 0.0035,
  riskLimit: 20000000000,
  leverage: 100,
  crossMargin: true,
  deleveragePercentile: 1,
  rebalancedPnl: -29148,
  prevRealisedPnl: 2256,
  prevUnrealisedPnl: 0,
  prevClosePrice: 33755.6,
  openingTimestamp: '2021-06-25T11:00:00.000Z',
  openingQty: 1300,
  openingCost: -3802410,
  openingComm: -789,
  openOrderBuyQty: 8200,
  openOrderBuyCost: -30692261,
  openOrderBuyPremium: 0,
  openOrderSellQty: 1200,
  openOrderSellCost: -3445308,
  openOrderSellPremium: 0,
  execBuyQty: 100,
  execBuyCost: 299294,
  execSellQty: 0,
  execSellCost: 0,
  execQty: 100,
  execCost: -299294,
  execComm: -74,
  currentTimestamp: '2021-06-25T11:33:01.397Z',
  currentQty: 1400,
  currentCost: -4101704,
  currentComm: -863,
  realisedCost: -29224,
  unrealisedCost: -4072480,
  grossOpenCost: 30692261,
  grossOpenPremium: 0,
  grossExecCost: 299294,
  isOpen: true,
  markPrice: 33473.32,
  markValue: -4182430,
  riskValue: 34874691,
  homeNotional: 0.0418243,
  foreignNotional: -1400,
  posState: '',
  posCost: -4072480,
  posCost2: -4072480,
  posCross: 109950,
  posInit: 40725,
  posComm: 3169,
  posLoss: 0,
  posMargin: 153844,
  posMaint: 17423,
  posAllowance: 0,
  taxableMargin: 0,
  initMargin: 353192,
  maintMargin: 43894,
  sessionMargin: 0,
  targetExcessMargin: 0,
  varMargin: 0,
  realisedGrossPnl: 29224,
  realisedTax: 0,
  realisedPnl: 30087,
  unrealisedGrossPnl: -109950,
  longBankrupt: 0,
  shortBankrupt: 0,
  taxBase: 0,
  indicativeTaxRate: null,
  indicativeTax: 0,
  unrealisedTax: 0,
  unrealisedPnl: -109950,
  unrealisedPnlPcnt: -0.027,
  unrealisedRoePcnt: -2.6998,
  simpleQty: null,
  simpleCost: null,
  simpleValue: null,
  simplePnl: null,
  simplePnlPcnt: null,
  avgCostPrice: 34377.1378,
  avgEntryPrice: 34377.1378,
  breakEvenPrice: 34369.5,
  marginCallPrice: 7420.5,
  liquidationPrice: 7420.5,
  bankruptPrice: 7415,
  timestamp: '2021-06-25T11:33:01.397Z',
  lastPrice: 33473.32,
  lastValue: -4182430
}
 ------------------------- end entry : text.length 1
 ----------------------------------------------- checkbot : strategy, pos.unrealisedPnl, users :  BitcoinBot strategy3 jePbslUYBBQfCcEdsUeIa2DG [] {
  account: 1768428,
  symbol: 'XBTUSD',
  currency: 'XBt',
  underlying: 'XBT',
  quoteCurrency: 'USD',
  commission: 0.00075,
  initMarginReq: 0.01,
  maintMarginReq: 0.0035,
  riskLimit: 20000000000,
  leverage: 100,
  crossMargin: true,
  deleveragePercentile: 1,
  rebalancedPnl: -349117,
  prevRealisedPnl: 6861,
  prevUnrealisedPnl: 0,
  prevClosePrice: 33755.6,
  openingTimestamp: '2021-06-25T11:00:00.000Z',
  openingQty: 600,
  openingCost: -2084790,
  openingComm: 1825,
  openOrderBuyQty: 2700,
  openOrderBuyCost: -10471923,
  openOrderBuyPremium: 0,
  openOrderSellQty: 600,
  openOrderSellCost: -1719198,
  openOrderSellPremium: 0,
  execBuyQty: 0,
  execBuyCost: 0,
  execSellQty: 0,
  execSellCost: 0,
  execQty: 0,
  execCost: 0,
  execComm: 0,
  currentTimestamp: '2021-06-25T11:33:01.397Z',
  currentQty: 600,
  currentCost: -2084790,
  currentComm: 1825,
  realisedCost: -350727,
  unrealisedCost: -1734063,
  grossOpenCost: 10471923,
  grossOpenPremium: 0,
  grossExecCost: 0,
  isOpen: true,
  markPrice: 33473.32,
  markValue: -1792470,
  riskValue: 12264393,
  homeNotional: 0.0179247,
  foreignNotional: -600,
  posState: '',
  posCost: -1734063,
  posCost2: -1734063,
  posCross: 58407,
  posInit: 17341,
  posComm: 1359,
  posLoss: 0,
  posMargin: 77107,
  posMaint: 7429,
  posAllowance: 0,
  taxableMargin: 0,
  initMargin: 120507,
  maintMargin: 18700,
  sessionMargin: 0,
  targetExcessMargin: 0,
  varMargin: 0,
  realisedGrossPnl: 350727,
  realisedTax: 0,
  realisedPnl: 348902,
  unrealisedGrossPnl: -58407,
  longBankrupt: 0,
  shortBankrupt: 0,
  taxBase: 0,
  indicativeTaxRate: null,
  indicativeTax: 0,
  unrealisedTax: 0,
  unrealisedPnl: -58407,
  unrealisedPnlPcnt: -0.0337,
  unrealisedRoePcnt: -3.3682,
  simpleQty: null,
  simpleCost: null,
  simpleValue: null,
  simplePnl: null,
  simplePnlPcnt: null,
  avgCostPrice: 34600.8789,
  avgEntryPrice: 34600.8789,
  breakEvenPrice: 34605.5,
  marginCallPrice: 13207,
  liquidationPrice: 13207,
  bankruptPrice: 13189.5,
  timestamp: '2021-06-25T11:33:01.397Z',
  lastPrice: 33473.32,
  lastValue: -1792470
}
 ------------------------- end entry : text.length 1
 ----------------------------------------------- checkbot : strategy, pos.unrealisedPnl, users :  fontayny strategy1 RiGDWpyeMV4qj6H_kLwBvDtg [] {
  account: 1778552,
  symbol: 'XBTUSD',
  currency: 'XBt',
  underlying: 'XBT',
  quoteCurrency: 'USD',
  commission: 0.00075,
  initMarginReq: 0.01,
  maintMarginReq: 0.0035,
  riskLimit: 20000000000,
  leverage: 100,
  crossMargin: true,
  deleveragePercentile: null,
  rebalancedPnl: -4815,
  prevRealisedPnl: 898,
  prevUnrealisedPnl: 0,
  prevClosePrice: 33755.6,
  openingTimestamp: '2021-06-25T11:00:00.000Z',
  openingQty: 200,
  openingCost: -600001,
  openingComm: 2062,
  openOrderBuyQty: 0,
  openOrderBuyCost: 0,
  openOrderBuyPremium: 0,
  openOrderSellQty: 0,
  openOrderSellCost: 0,
  openOrderSellPremium: 0,
  execBuyQty: 0,
  execBuyCost: 0,
  execSellQty: 200,
  execSellCost: 592724,
  execQty: -200,
  execCost: 592724,
  execComm: 400,
  currentTimestamp: '2021-06-25T11:01:26.397Z',
  currentQty: 0,
  currentCost: -7277,
  currentComm: 2462,
  realisedCost: -7277,
  unrealisedCost: 0,
  grossOpenCost: 0,
  grossOpenPremium: 0,
  grossExecCost: 0,
  isOpen: false,
  markPrice: null,
  markValue: 0,
  riskValue: 0,
  homeNotional: 0,
  foreignNotional: 0,
  posState: '',
  posCost: 0,
  posCost2: 0,
  posCross: 0,
  posInit: 0,
  posComm: 0,
  posLoss: 0,
  posMargin: 0,
  posMaint: 0,
  posAllowance: 0,
  taxableMargin: 0,
  initMargin: 0,
  maintMargin: 0,
  sessionMargin: 0,
  targetExcessMargin: 0,
  varMargin: 0,
  realisedGrossPnl: 7277,
  realisedTax: 0,
  realisedPnl: 4815,
  unrealisedGrossPnl: 0,
  longBankrupt: 0,
  shortBankrupt: 0,
  taxBase: 0,
  indicativeTaxRate: null,
  indicativeTax: 0,
  unrealisedTax: 0,
  unrealisedPnl: 0,
  unrealisedPnlPcnt: 0,
  unrealisedRoePcnt: 0,
  simpleQty: null,
  simpleCost: null,
  simpleValue: null,
  simplePnl: null,
  simplePnlPcnt: null,
  avgCostPrice: null,
  avgEntryPrice: null,
  breakEvenPrice: null,
  marginCallPrice: null,
  liquidationPrice: null,
  bankruptPrice: null,
  timestamp: '2021-06-25T11:01:26.397Z',
  lastPrice: null,
  lastValue: 0
}
 ------------------------- end entry : text.length 1
 ----------------- end bitdelall 
 ------------------------- end entry : text.length 1
 ----------------------------------------------- checkbot : strategy, pos.unrealisedPnl, users :  claudemir strategy3 3qWXI2Aic3sOsDaFTERocTpk [] {
  account: 1638603,
  symbol: 'XBTUSD',
  currency: 'XBt',
  underlying: 'XBT',
  quoteCurrency: 'USD',
  commission: 0.00075,
  initMarginReq: 0.01,
  maintMarginReq: 0.0035,
  riskLimit: 20000000000,
  leverage: 100,
  crossMargin: true,
  deleveragePercentile: 1,
  rebalancedPnl: -93904,
  prevRealisedPnl: 18455,
  prevUnrealisedPnl: 0,
  prevClosePrice: 33755.6,
  openingTimestamp: '2021-06-25T11:00:00.000Z',
  openingQty: 1600,
  openingCost: -4715400,
  openingComm: 6186,
  openOrderBuyQty: 7200,
  openOrderBuyCost: -27850000,
  openOrderBuyPremium: 0,
  openOrderSellQty: 1600,
  openOrderSellCost: -4576400,
  openOrderSellPremium: 0,
  execBuyQty: 0,
  execBuyCost: 0,
  execSellQty: 0,
  execSellCost: 0,
  execQty: 0,
  execCost: 0,
  execComm: 0,
  currentTimestamp: '2021-06-25T11:33:05.896Z',
  currentQty: 1600,
  currentCost: -4715400,
  currentComm: 6186,
  realisedCost: -99408,
  unrealisedCost: -4615992,
  grossOpenCost: 27850000,
  grossOpenPremium: 0,
  grossExecCost: 0,
  isOpen: true,
  markPrice: 33469.52,
  markValue: -4780464,
  riskValue: 32630464,
  homeNotional: 0.04780464,
  foreignNotional: -1600,
  posState: '',
  posCost: -4615992,
  posCost2: -4615992,
  posCross: 164472,
  posInit: 46160,
  posComm: 3621,
  posLoss: 0,
  posMargin: 214253,
  posMaint: 19777,
  posAllowance: 0,
  taxableMargin: 0,
  initMargin: 320484,
  maintMargin: 49781,
  sessionMargin: 0,
  targetExcessMargin: 0,
  varMargin: 0,
  realisedGrossPnl: 99408,
  realisedTax: 0,
  realisedPnl: 93222,
  unrealisedGrossPnl: -164472,
  longBankrupt: 0,
  shortBankrupt: 0,
  taxBase: 0,
  indicativeTaxRate: null,
  indicativeTax: 0,
  unrealisedTax: 0,
  unrealisedPnl: -164472,
  unrealisedPnlPcnt: -0.0356,
  unrealisedRoePcnt: -3.5631,
  simpleQty: null,
  simpleCost: null,
  simpleValue: null,
  simplePnl: null,
  simplePnlPcnt: null,
  avgCostPrice: 34662.1652,
  avgEntryPrice: 34662.1652,
  breakEvenPrice: 34667.5,
  marginCallPrice: 14093,
  liquidationPrice: 14093,
  bankruptPrice: 14073,
  timestamp: '2021-06-25T11:33:05.896Z',
  lastPrice: 33469.52,
  lastValue: -4780464
}
 ------------------------- end entry : text.length 1
 ----------------------------------------------- checkbot : strategy, pos.unrealisedPnl, users :  brayandt strategy3 22XtcEtZ9hhWBpiR06JW0VLC [] {
  account: 1668985,
  symbol: 'XBTUSD',
  currency: 'XBt',
  underlying: 'XBT',
  quoteCurrency: 'USD',
  commission: 0.00075,
  initMarginReq: 0.01,
  maintMarginReq: 0.0035,
  riskLimit: 20000000000,
  leverage: 100,
  crossMargin: true,
  deleveragePercentile: 1,
  rebalancedPnl: -90562,
  prevRealisedPnl: 2326,
  prevUnrealisedPnl: 0,
  prevClosePrice: 33755.6,
  openingTimestamp: '2021-06-25T11:00:00.000Z',
  openingQty: 1300,
  openingCost: -3864151,
  openingComm: -398,
  openOrderBuyQty: 8200,
  openOrderBuyCost: -30692261,
  openOrderBuyPremium: 0,
  openOrderSellQty: 1200,
  openOrderSellCost: -3445308,
  openOrderSellPremium: 0,
  execBuyQty: 100,
  execBuyCost: 299294,
  execSellQty: 0,
  execSellCost: 0,
  execQty: 100,
  execCost: -299294,
  execComm: -67,
  currentTimestamp: '2021-06-25T11:33:10.396Z',
  currentQty: 1400,
  currentCost: -4163445,
  currentComm: -465,
  realisedCost: -90965,
  unrealisedCost: -4072480,
  grossOpenCost: 30692261,
  grossOpenPremium: 0,
  grossExecCost: 299294,
  isOpen: true,
  markPrice: 33465.94,
  markValue: -4183354,
  riskValue: 34875615,
  homeNotional: 0.04183354,
  foreignNotional: -1400,
  posState: '',
  posCost: -4072480,
  posCost2: -4072480,
  posCross: 110874,
  posInit: 40725,
  posComm: 3169,
  posLoss: 0,
  posMargin: 154768,
  posMaint: 17423,
  posAllowance: 0,
  taxableMargin: 0,
  initMargin: 353192,
  maintMargin: 43894,
  sessionMargin: 0,
  targetExcessMargin: 0,
  varMargin: 0,
  realisedGrossPnl: 90965,
  realisedTax: 0,
  realisedPnl: 91430,
  unrealisedGrossPnl: -110874,
  longBankrupt: 0,
  shortBankrupt: 0,
  taxBase: 0,
  indicativeTaxRate: null,
  indicativeTax: 0,
  unrealisedTax: 0,
  unrealisedPnl: -110874,
  unrealisedPnlPcnt: -0.0272,
  unrealisedRoePcnt: -2.7225,
  simpleQty: null,
  simpleCost: null,
  simpleValue: null,
  simplePnl: null,
  simplePnlPcnt: null,
  avgCostPrice: 34377.1378,
  avgEntryPrice: 34377.1378,
  breakEvenPrice: 34370,
  marginCallPrice: 10138,
  liquidationPrice: 10138,
  bankruptPrice: 10127.5,
  timestamp: '2021-06-25T11:33:10.396Z',
  lastPrice: 33465.94,
  lastValue: -4183354
}
 ------------------------- end entry : text.length 1
 ----------------------------------------------- checkbot : strategy, pos.unrealisedPnl, users :  edson matos strategy3 T54Vr98aiLdaEQk9BGoWUcTh [] {
  account: 1621807,
  symbol: 'XBTUSD',
  currency: 'XBt',
  underlying: 'XBT',
  quoteCurrency: 'USD',
  commission: 0.00075,
  initMarginReq: 0.01,
  maintMarginReq: 0.0035,
  riskLimit: 20000000000,
  leverage: 100,
  crossMargin: true,
  deleveragePercentile: 1,
  rebalancedPnl: -183421,
  prevRealisedPnl: 4546,
  prevUnrealisedPnl: 0,
  prevClosePrice: 33755.6,
  openingTimestamp: '2021-06-25T11:00:00.000Z',
  openingQty: 400,
  openingCost: -1339944,
  openingComm: 827,
  openOrderBuyQty: 1800,
  openOrderBuyCost: -6978514,
  openOrderBuyPremium: 0,
  openOrderSellQty: 200,
  openOrderSellCost: -560664,
  openOrderSellPremium: 0,
  execBuyQty: 0,
  execBuyCost: 0,
  execSellQty: 0,
  execSellCost: 0,
  execQty: 0,
  execCost: 0,
  execComm: 0,
  currentTimestamp: '2021-06-25T11:33:10.396Z',
  currentQty: 400,
  currentCost: -1339944,
  currentComm: 827,
  realisedCost: -184076,
  unrealisedCost: -1155868,
  grossOpenCost: 6978514,
  grossOpenPremium: 0,
  grossExecCost: 0,
  isOpen: true,
  markPrice: 33465.94,
  markValue: -1195244,
  riskValue: 8173758,
  homeNotional: 0.01195244,
  foreignNotional: -400,
  posState: '',
  posCost: -1155868,
  posCost2: -1155868,
  posCross: 39376,
  posInit: 11559,
  posComm: 907,
  posLoss: 0,
  posMargin: 51842,
  posMaint: 4953,
  posAllowance: 0,
  taxableMargin: 0,
  initMargin: 80307,
  maintMargin: 12466,
  sessionMargin: 0,
  targetExcessMargin: 0,
  varMargin: 0,
  realisedGrossPnl: 184076,
  realisedTax: 0,
  realisedPnl: 183249,
  unrealisedGrossPnl: -39376,
  longBankrupt: 0,
  shortBankrupt: 0,
  taxBase: 0,
  indicativeTaxRate: null,
  indicativeTax: 0,
  unrealisedTax: 0,
  unrealisedPnl: -39376,
  unrealisedPnlPcnt: -0.0341,
  unrealisedRoePcnt: -3.4066,
  simpleQty: null,
  simpleCost: null,
  simpleValue: null,
  simplePnl: null,
  simplePnlPcnt: null,
  avgCostPrice: 34606,
  avgEntryPrice: 34606,
  breakEvenPrice: 34611.5,
  marginCallPrice: 12137,
  liquidationPrice: 12137,
  bankruptPrice: 12122.5,
  timestamp: '2021-06-25T11:33:10.396Z',
  lastPrice: 33465.94,
  lastValue: -1195244
}
 ------------------------- end entry : text.length 1
 ----------------------------------------------- checkbot : strategy, pos.unrealisedPnl, users :  jorgerodrigues strategy3 Wu_ZGnBvlUNLuAQgTEPBX3xs [] {
  account: 1638213,
  symbol: 'XBTUSD',
  currency: 'XBt',
  underlying: 'XBT',
  quoteCurrency: 'USD',
  commission: 0.00075,
  initMarginReq: 0.031,
  maintMarginReq: 0.0245,
  riskLimit: 80000000000,
  leverage: 32.25806451612903,
  crossMargin: true,
  deleveragePercentile: 1,
  rebalancedPnl: -114276,
  prevRealisedPnl: 11446,
  prevUnrealisedPnl: 0,
  prevClosePrice: 33755.6,
  openingTimestamp: '2021-06-25T11:00:00.000Z',
  openingQty: 1000,
  openingCost: -3015105,
  openingComm: 2788,
  openOrderBuyQty: 4500,
  openOrderBuyCost: -17519230,
  openOrderBuyPremium: 0,
  openOrderSellQty: 1000,
  openOrderSellCost: -2873480,
  openOrderSellPremium: 0,
  execBuyQty: 0,
  execBuyCost: 0,
  execSellQty: 0,
  execSellCost: 0,
  execQty: 0,
  execCost: 0,
  execComm: 0,
  currentTimestamp: '2021-06-25T11:33:10.396Z',
  currentQty: 1000,
  currentCost: -3015105,
  currentComm: 2788,
  realisedCost: -116635,
  unrealisedCost: -2898470,
  grossOpenCost: 17519230,
  grossOpenPremium: 0,
  grossExecCost: 0,
  isOpen: true,
  markPrice: 33465.94,
  markValue: -2988110,
  riskValue: 20507340,
  homeNotional: 0.0298811,
  foreignNotional: -1000,
  posState: '',
  posCost: -2898470,
  posCost2: -2898470,
  posCross: 89640,
  posInit: 89853,
  posComm: 2310,
  posLoss: 0,
  posMargin: 181803,
  posMaint: 73323,
  posAllowance: 0,
  taxableMargin: 0,
  initMargin: 569784,
  maintMargin: 92163,
  sessionMargin: 0,
  targetExcessMargin: 0,
  varMargin: 0,
  realisedGrossPnl: 116635,
  realisedTax: 0,
  realisedPnl: 113847,
  unrealisedGrossPnl: -89640,
  longBankrupt: 0,
  shortBankrupt: 0,
  taxBase: 0,
  indicativeTaxRate: null,
  indicativeTax: 0,
  unrealisedTax: 0,
  unrealisedPnl: -89640,
  unrealisedPnlPcnt: -0.0309,
  unrealisedRoePcnt: -0.9976,
  simpleQty: null,
  simpleCost: null,
  simpleValue: null,
  simplePnl: null,
  simplePnlPcnt: null,
  avgCostPrice: 34501,
  avgEntryPrice: 34501,
  breakEvenPrice: 34506.5,
  marginCallPrice: 14126.5,
  liquidationPrice: 14006,
  bankruptPrice: 13986,
  timestamp: '2021-06-25T11:33:10.396Z',
  lastPrice: 33465.94,
  lastValue: -2988110
}
 ------------------------- end entry : text.length 1
 ----------------------------------------------- checkbot : strategy, pos.unrealisedPnl, users :  topbtc  strategy3 jv-6FkR4ne6k_SgkzVv50Y7t [] {
  account: 1779969,
  symbol: 'XBTUSD',
  currency: 'XBt',
  underlying: 'XBT',
  quoteCurrency: 'USD',
  commission: 0.00075,
  initMarginReq: 0.01,
  maintMarginReq: 0.0035,
  riskLimit: 20000000000,
  leverage: 100,
  crossMargin: true,
  deleveragePercentile: 1,
  rebalancedPnl: -85414,
  prevRealisedPnl: 2271,
  prevUnrealisedPnl: 0,
  prevClosePrice: 33755.6,
  openingTimestamp: '2021-06-25T11:00:00.000Z',
  openingQty: 1300,
  openingCost: -3857357,
  openingComm: -1028,
  openOrderBuyQty: 8200,
  openOrderBuyCost: -30680567,
  openOrderBuyPremium: 0,
  openOrderSellQty: 1300,
  openOrderSellCost: -3739710,
  openOrderSellPremium: 0,
  execBuyQty: 100,
  execBuyCost: 299204,
  execSellQty: 0,
  execSellCost: 0,
  execQty: 100,
  execCost: -299204,
  execComm: -67,
  currentTimestamp: '2021-06-25T11:33:10.396Z',
  currentQty: 1400,
  currentCost: -4156561,
  currentComm: -1095,
  realisedCost: -85186,
  unrealisedCost: -4071375,
  grossOpenCost: 30680567,
  grossOpenPremium: 0,
  grossExecCost: 299204,
  isOpen: true,
  markPrice: 33465.94,
  markValue: -4183354,
  riskValue: 34863921,
  homeNotional: 0.04183354,
  foreignNotional: -1400,
  posState: '',
  posCost: -4071375,
  posCost2: -4071375,
  posCross: 111979,
  posInit: 40714,
  posComm: 3169,
  posLoss: 0,
  posMargin: 155862,
  posMaint: 17419,
  posAllowance: 0,
  taxableMargin: 0,
  initMargin: 353057,
  maintMargin: 43883,
  sessionMargin: 0,
  targetExcessMargin: 0,
  varMargin: 0,
  realisedGrossPnl: 85186,
  realisedTax: 0,
  realisedPnl: 86281,
  unrealisedGrossPnl: -111979,
  longBankrupt: 0,
  shortBankrupt: 0,
  taxBase: 0,
  indicativeTaxRate: null,
  indicativeTax: 0,
  unrealisedTax: 0,
  unrealisedPnl: -111979,
  unrealisedPnlPcnt: -0.0275,
  unrealisedRoePcnt: -2.7504,
  simpleQty: null,
  simpleCost: null,
  simpleValue: null,
  simplePnl: null,
  simplePnlPcnt: null,
  avgCostPrice: 34386.4765,
  avgEntryPrice: 34386.4765,
  breakEvenPrice: 34379.5,
  marginCallPrice: 10112.5,
  liquidationPrice: 10112.5,
  bankruptPrice: 10102,
  timestamp: '2021-06-25T11:33:10.396Z',
  lastPrice: 33465.94,
  lastValue: -4183354
}
 ------------------------- end entry : text.length 1
 ----------------------------------------------- checkbot : strategy, pos.unrealisedPnl, users :  airtonmanera strategy3 PTjBcQvqZjJwZpURuCkEA9Ok [] {
  account: 1740793,
  symbol: 'XBTUSD',
  currency: 'XBt',
  underlying: 'XBT',
  quoteCurrency: 'USD',
  commission: 0.00075,
  initMarginReq: 0.01,
  maintMarginReq: 0.0035,
  riskLimit: 20000000000,
  leverage: 100,
  crossMargin: true,
  deleveragePercentile: 1,
  rebalancedPnl: -12182,
  prevRealisedPnl: 2311,
  prevUnrealisedPnl: 0,
  prevClosePrice: 33755.6,
  openingTimestamp: '2021-06-25T11:00:00.000Z',
  openingQty: 200,
  openingCost: -590587,
  openingComm: 455,
  openOrderBuyQty: 900,
  openOrderBuyCost: -3490641,
  openOrderBuyPremium: 0,
  openOrderSellQty: 200,
  openOrderSellCost: -573066,
  openOrderSellPremium: 0,
  execBuyQty: 0,
  execBuyCost: 0,
  execSellQty: 0,
  execSellCost: 0,
  execQty: 0,
  execCost: 0,
  execComm: 0,
  currentTimestamp: '2021-06-25T11:33:10.396Z',
  currentQty: 200,
  currentCost: -590587,
  currentComm: 455,
  realisedCost: -12566,
  unrealisedCost: -578021,
  grossOpenCost: 3490641,
  grossOpenPremium: 0,
  grossExecCost: 0,
  isOpen: true,
  markPrice: 33465.94,
  markValue: -597622,
  riskValue: 4088263,
  homeNotional: 0.00597622,
  foreignNotional: -200,
  posState: '',
  posCost: -578021,
  posCost2: -578021,
  posCross: 19601,
  posInit: 5781,
  posComm: 454,
  posLoss: 0,
  posMargin: 25836,
  posMaint: 2478,
  posAllowance: 0,
  taxableMargin: 0,
  initMargin: 40170,
  maintMargin: 6235,
  sessionMargin: 0,
  targetExcessMargin: 0,
  varMargin: 0,
  realisedGrossPnl: 12566,
  realisedTax: 0,
  realisedPnl: 12111,
  unrealisedGrossPnl: -19601,
  longBankrupt: 0,
  shortBankrupt: 0,
  taxBase: 0,
  indicativeTaxRate: null,
  indicativeTax: 0,
  unrealisedTax: 0,
  unrealisedPnl: -19601,
  unrealisedPnlPcnt: -0.0339,
  unrealisedRoePcnt: -3.3911,
  simpleQty: null,
  simpleCost: null,
  simpleValue: null,
  simplePnl: null,
  simplePnlPcnt: null,
  avgCostPrice: 34600.8789,
  avgEntryPrice: 34600.8789,
  breakEvenPrice: 34605.5,
  marginCallPrice: 10278.5,
  liquidationPrice: 10278.5,
  bankruptPrice: 10268,
  timestamp: '2021-06-25T11:33:10.396Z',
  lastPrice: 33465.94,
  lastValue: -597622
}
